2007	ABE	8.962693
2007	ABI	10.227806
2007	ABQ	8.160730
2007	ABY	12.383476
2007	ACK	51.346570
2007	ACT	7.165919
2007	ACV	13.101686
2007	ACY	21.058321
2007	ADK	8.010309
2007	ADQ	9.400631
2007	AEX	9.886825
2007	AGS	18.280108
2007	AKN	22.461538
2007	ALB	12.343620
2007	ALO	16.048872
2007	AMA	9.420343
2007	ANC	10.259538
2007	APF	16.454545
2007	ASE	11.687934
2007	ATL	14.653325
2007	ATW	11.988003
2007	AUS	8.199219
2007	AVL	17.538757
2007	AVP	14.993834
2007	AZO	10.150653
2007	BDL	9.357085
2007	BET	10.243830
2007	BFL	5.096611
2007	BGM	11.956474
2007	BGR	15.135709
2007	BHM	9.257160
2007	BIL	4.876402
2007	BIS	7.013055
2007	BJI	10.535088
2007	BLI	1.224700
2007	BMI	12.436574
2007	BNA	11.040218
2007	BOI	6.380161
2007	BOS	12.366929
2007	BPT	4.364672
2007	BQK	12.641745
2007	BQN	5.468195
2007	BRO	4.730179
2007	BRW	18.512023
2007	BTM	0.452261
2007	BTR	13.585772
2007	BTV	15.678995
2007	BUF	12.995692
2007	BUR	7.810227
2007	BWI	11.588170
2007	BZN	7.121347
2007	CAE	15.107386
2007	CAK	9.363656
2007	CDV	8.077684
2007	CEC	21.930070
2007	CHA	12.138806
2007	CHO	11.925816
2007	CHS	11.332409
2007	CIC	11.516930
2007	CID	10.838402
2007	CLD	2.591337
2007	CLE	9.542551
2007	CLL	9.349355
2007	CLT	13.924122
2007	CMH	11.906848
2007	CMI	12.335119
2007	CMX	13.633562
2007	COD	1.106513
2007	COS	8.184352
2007	CPR	4.945804
2007	CRP	9.974351
2007	CRW	15.565359
2007	CSG	17.253521
2007	CVG	10.495583
2007	CWA	13.632555
2007	DAB	8.724431
2007	DAL	12.172424
2007	DAY	7.812171
2007	DBQ	9.471612
2007	DCA	9.932638
2007	DEN	11.528245
2007	DFW	14.819431
2007	DHN	15.983709
2007	DLG	14.637427
2007	DLH	7.392857
2007	DRO	4.835684
2007	DSM	11.602799
2007	DTW	10.799077
2007	EAU	7.606061
2007	EGE	13.189975
2007	EKO	-1.193638
2007	ELM	7.145314
2007	ELP	8.027746
2007	ERI	10.149770
2007	EUG	5.507209
2007	EVV	10.552298
2007	EWN	17.031987
2007	EWR	19.552700
2007	EYW	20.457692
2007	FAI	6.853438
2007	FAR	8.753654
2007	FAT	5.754254
2007	FAY	17.824160
2007	FCA	2.601471
2007	FLG	5.343575
2007	FLL	10.986362
2007	FLO	14.973186
2007	FNT	8.594306
2007	FSD	11.259119
2007	FSM	10.116724
2007	FWA	13.863527
2007	GEG	5.575987
2007	GFK	4.548853
2007	GGG	8.317748
2007	GJT	7.649567
2007	GLH	-5.500000
2007	GNV	21.664856
2007	GPT	10.108255
2007	GRB	11.011414
2007	GRK	10.938075
2007	GRR	9.366629
2007	GSO	12.936422
2007	GSP	9.621253
2007	GST	19.670455
2007	GTF	2.243954
2007	GTR	17.488229
2007	GUC	8.088503
2007	HDN	9.872776
2007	HHH	23.830688
2007	HLN	3.996061
2007	HNL	1.092342
2007	HOU	12.852590
2007	HPN	14.487259
2007	HRL	12.021761
2007	HSV	8.917988
2007	HTS	8.446886
2007	IAD	14.079248
2007	IAH	10.609788
2007	ICT	10.767104
2007	IDA	1.904719
2007	ILG	15.308585
2007	ILM	11.970588
2007	IND	8.884866
2007	INL	10.142857
2007	IPL	0.373737
2007	ISO	5.125000
2007	ISP	8.743339
2007	ITO	-3.039614
2007	IYK	-1.627784
2007	JAC	9.864975
2007	JAN	9.425196
2007	JAX	9.696754
2007	JFK	17.588494
2007	JNU	14.757149
2007	KOA	0.369890
2007	KTN	10.163090
2007	LAN	10.691884
2007	LAS	11.063341
2007	LAW	9.371830
2007	LAX	8.605335
2007	LBB	12.160476
2007	LCH	5.889924
2007	LEX	11.054293
2007	LFT	9.173662
2007	LGA	13.241274
2007	LGB	5.857112
2007	LIH	-1.204645
2007	LIT	13.160188
2007	LNK	10.160129
2007	LRD	9.486879
2007	LSE	9.857564
2007	LWB	12.978495
2007	LWS	4.247159
2007	LYH	9.152200
2007	MAF	9.251367
2007	MBS	8.916923
2007	MCI	9.158759
2007	MCN	23.842949
2007	MCO	10.438593
2007	MDT	14.029124
2007	MDW	13.907889
2007	MEI	17.240429
2007	MEM	8.709171
2007	MFE	7.065437
2007	MFR	7.827685
2007	MGM	12.093023
2007	MHT	10.950158
2007	MIA	14.576184
2007	MKC	8.000000
2007	MKE	11.742128
2007	MLB	9.048853
2007	MLI	10.885969
2007	MLU	13.033097
2007	MOB	12.061367
2007	MOD	8.945873
2007	MOT	3.465028
2007	MQT	10.054741
2007	MRY	5.890758
2007	MSN	11.648151
2007	MSO	6.221011
2007	MSP	10.236038
2007	MSY	8.867222
2007	MTH	15.968254
2007	MTJ	9.678698
2007	MYR	13.519242
2007	OAJ	16.968497
2007	OAK	8.470125
2007	OGG	0.840938
2007	OKC	9.465529
2007	OMA	10.314287
2007	OME	13.167464
2007	ONT	6.903284
2007	ORD	18.514354
2007	ORF	10.849223
2007	OTZ	12.182962
2007	OXR	0.571429
2007	PBI	10.492519
2007	PDX	7.092124
2007	PFN	14.680465
2007	PHF	8.901194
2007	PHL	17.486527
2007	PHX	10.853625
2007	PIA	11.796256
2007	PIH	-3.513514
2007	PIR	45.500000
2007	PIT	12.128895
2007	PLN	7.118952
2007	PMD	10.442105
2007	PNS	10.952390
2007	PSC	2.493690
2007	PSE	2.377530
2007	PSG	14.432081
2007	PSP	7.608629
2007	PVD	12.465263
2007	PWM	16.437956
2007	RAP	7.049806
2007	RDD	10.419064
2007	RDM	4.698566
2007	RDU	11.109949
2007	RFD	0.600000
2007	RHI	7.906404
2007	RIC	11.706330
2007	RNO	7.403311
2007	ROA	15.860114
2007	ROC	14.237085
2007	ROW	14.081197
2007	RST	11.317608
2007	RSW	9.528902
2007	SAN	7.058976
2007	SAT	8.541399
2007	SAV	10.325321
2007	SBA	5.171330
2007	SBN	18.346618
2007	SBP	4.848261
2007	SCC	11.098571
2007	SCE	15.049844
2007	SDF	10.895131
2007	SEA	11.118306
2007	SFO	11.763861
2007	SGF	14.374458
2007	SGU	2.383338
2007	SHV	11.034940
2007	SIT	10.671710
2007	SJC	6.501023
2007	SJT	8.763857
2007	SJU	11.997821
2007	SLC	6.515799
2007	SLE	2.594937
2007	SMF	8.326269
2007	SMX	2.134604
2007	SNA	6.809539
2007	SOP	35.859459
2007	SPI	21.171322
2007	SPS	9.424397
2007	SRQ	7.491803
2007	STL	10.320637
2007	STT	11.128038
2007	STX	12.623679
2007	SUN	0.337290
2007	SUX	8.603376
2007	SWF	10.770285
2007	SYR	14.024492
2007	TEX	14.298913
2007	TLH	10.515231
2007	TOL	11.375312
2007	TPA	9.080159
2007	TRI	18.542683
2007	TTN	10.268831
2007	TUL	9.386376
2007	TUP	10.088339
2007	TUS	6.220744
2007	TVC	11.766893
2007	TWF	-1.840942
2007	TXK	9.912775
2007	TYR	10.378255
2007	TYS	9.985949
2007	VLD	15.105928
2007	VPS	13.089362
2007	WRG	9.744318
2007	WYS	-5.000000
2007	XNA	13.887600
2007	YAK	6.959155
2007	YKM	8.208845
2007	YUM	6.441698
2008	ABE	7.880988
2008	ABI	6.880397
2008	ABQ	7.441379
2008	ABY	10.962894
2008	ACK	29.854415
2008	ACT	5.207400
2008	ACV	15.192136
2008	ACY	18.548673
2008	ADK	13.652174
2008	ADQ	5.739065
2008	AEX	8.754433
2008	AGS	11.804154
2008	AKN	21.938596
2008	ALB	9.014003
2008	ALO	6.361940
2008	AMA	8.105727
2008	ANC	6.964479
2008	ASE	12.834682
2008	ATL	11.515747
2008	ATW	9.234808
2008	AUS	7.423002
2008	AVL	10.012794
2008	AVP	12.551573
2008	AZO	8.655679
2008	BDL	7.594623
2008	BET	7.858987
2008	BFL	1.667416
2008	BGM	5.980000
2008	BGR	12.536778
2008	BHM	9.156521
2008	BIL	0.744400
2008	BIS	3.297069
2008	BJI	-2.698630
2008	BLI	-5.529412
2008	BMI	11.761582
2008	BNA	10.136639
2008	BOI	6.875651
2008	BOS	9.587616
2008	BPT	0.350195
2008	BQK	6.249448
2008	BQN	5.339735
2008	BRO	4.815603
2008	BRW	16.331927
2008	BTM	-2.878261
2008	BTR	11.463350
2008	BTV	11.906676
2008	BUF	10.437593
2008	BUR	6.871623
2008	BWI	10.134760
2008	BZN	4.361923
2008	CAE	12.848637
2008	CAK	10.017790
2008	CDC	-0.701220
2008	CDV	8.346045
2008	CEC	24.186207
2008	CHA	7.371506
2008	CHO	7.866005
2008	CHS	10.475810
2008	CIC	17.157740
2008	CID	10.336660
2008	CLD	1.879630
2008	CLE	9.089857
2008	CLL	6.083584
2008	CLT	9.447094
2008	CMH	9.738365
2008	CMI	10.602433
2008	CMX	10.358423
2008	COD	-3.973549
2008	COS	6.508432
2008	CPR	1.185864
2008	CRP	6.214842
2008	CRW	8.948826
2008	CSG	9.692042
2008	CVG	9.063839
2008	CWA	11.249897
2008	DAB	11.412111
2008	DAL	10.953846
2008	DAY	7.056906
2008	DBQ	7.847930
2008	DCA	6.313332
2008	DEN	9.937252
2008	DFW	11.864260
2008	DHN	12.239478
2008	DLG	16.495495
2008	DLH	2.492893
2008	DRO	2.212671
2008	DSM	9.049490
2008	DTW	9.231729
2008	EGE	16.522583
2008	EKO	0.054124
2008	ELM	3.403213
2008	ELP	6.630405
2008	ERI	4.388640
2008	EUG	5.473303
2008	EVV	6.627703
2008	EWN	8.142857
2008	EWR	18.275995
2008	EYW	15.173212
2008	FAI	3.719184
2008	FAR	7.294484
2008	FAT	5.769547
2008	FAY	12.401702
2008	FCA	1.399416
2008	FLG	2.859243
2008	FLL	11.135709
2008	FLO	7.828619
2008	FNT	5.449546
2008	FSD	9.968668
2008	FSM	5.412860
2008	FWA	11.918577
2008	GCC	8.301942
2008	GEG	5.944101
2008	GFK	3.416481
2008	GGG	6.789137
2008	GJT	4.876823
2008	GNV	9.752475
2008	GPT	7.181916
2008	GRB	10.040714
2008	GRK	8.730203
2008	GRR	7.827067
2008	GSO	9.223308
2008	GSP	8.562424
2008	GST	9.795181
2008	GTF	-0.499293
2008	GTR	10.274841
2008	GUC	13.531148
2008	HDN	9.774041
2008	HHH	14.955808
2008	HLN	1.600204
2008	HNL	2.822729
2008	HOU	12.268634
2008	HPN	9.925933
2008	HRL	10.238050
2008	HSV	7.282904
2008	HTS	-1.141935
2008	IAD	13.632150
2008	IAH	10.584159
2008	ICT	8.780262
2008	IDA	2.509360
2008	ILM	9.391487
2008	IND	7.547249
2008	INL	-4.802817
2008	IPL	-2.315897
2008	ISP	8.677049
2008	ITH	8.652893
2008	ITO	-0.148713
2008	IYK	-1.911572
2008	JAC	9.573569
2008	JAN	7.714806
2008	JAX	8.952128
2008	JFK	13.294530
2008	JNU	13.803717
2008	KOA	1.790931
2008	KTN	8.976211
2008	LAN	10.163925
2008	LAS	10.462841
2008	LAW	4.544118
2008	LAX	8.685317
2008	LBB	8.696869
2008	LCH	7.090052
2008	LEX	9.044577
2008	LFT	7.481120
2008	LGA	11.198876
2008	LGB	6.699980
2008	LIH	0.004205
2008	LIT	11.449422
2008	LMT	19.959432
2008	LNK	10.512559
2008	LRD	6.454458
2008	LSE	6.305174
2008	LWB	10.841530
2008	LWS	0.696923
2008	LYH	2.913115
2008	MAF	9.132751
2008	MBS	7.198913
2008	MCI	9.058774
2008	MCN	10.512862
2008	MCO	9.959796
2008	MDT	9.458423
2008	MDW	12.427576
2008	MEI	9.222054
2008	MEM	7.872863
2008	MFE	3.786857
2008	MFR	8.230116
2008	MGM	8.058186
2008	MHT	10.475342
2008	MIA	15.871787
2008	MKE	10.251157
2008	MKG	2.859335
2008	MLB	8.708525
2008	MLI	10.757338
2008	MLU	5.316775
2008	MOB	6.818226
2008	MOD	13.371594
2008	MOT	3.466915
2008	MQT	12.519453
2008	MRY	7.558466
2008	MSN	9.263825
2008	MSO	1.084158
2008	MSP	7.458058
2008	MSY	8.947861
2008	MTJ	6.623006
2008	MYR	7.158584
2008	OAJ	8.570069
2008	OAK	7.532613
2008	OGG	2.100341
2008	OKC	7.968494
2008	OMA	8.790434
2008	OME	5.730435
2008	ONT	6.839754
2008	ORD	17.267465
2008	ORF	9.867843
2008	OTH	21.584337
2008	OTZ	6.453244
2008	OXR	-1.827044
2008	PBI	11.247107
2008	PDX	6.836561
2008	PFN	10.878924
2008	PHF	7.920559
2008	PHL	12.896864
2008	PHX	8.291739
2008	PIA	9.236130
2008	PIH	-4.150092
2008	PIR	22.800000
2008	PIT	9.862844
2008	PLN	3.294821
2008	PMD	12.609618
2008	PNS	7.066910
2008	PSC	-0.524322
2008	PSE	0.042953
2008	PSG	13.545845
2008	PSP	6.077047
2008	PUB	27.000000
2008	PVD	10.346227
2008	PWM	12.594307
2008	RAP	1.626814
2008	RDD	16.140768
2008	RDM	6.480047
2008	RDU	9.807861
2008	RFD	2.312281
2008	RHI	4.608696
2008	RIC	10.185925
2008	RKS	3.908207
2008	RNO	7.720433
2008	ROA	11.396142
2008	ROC	10.781521
2008	ROW	7.514226
2008	RST	9.196627
2008	RSW	8.670684
2008	SAN	7.833470
2008	SAT	7.766343
2008	SAV	10.737344
2008	SBA	6.872948
2008	SBN	15.399239
2008	SBP	7.032904
2008	SCC	10.988889
2008	SCE	4.346840
2008	SDF	10.945722
2008	SEA	8.587916
2008	SFO	13.380727
2008	SGF	12.561549
2008	SGU	-0.151903
2008	SHV	6.783254
2008	SIT	9.061832
2008	SJC	6.140298
2008	SJT	3.709428
2008	SJU	11.584336
2008	SLC	5.201938
2008	SLE	2.148454
2008	SMF	7.350606
2008	SMX	1.602914
2008	SNA	6.156442
2008	SPI	22.321973
2008	SPS	4.309050
2008	SRQ	9.899685
2008	STL	9.716284
2008	STT	8.984370
2008	STX	14.791667
2008	SUN	-1.228826
2008	SUX	5.747748
2008	SWF	6.953527
2008	SYR	11.515100
2008	TEX	15.856209
2008	TLH	7.197825
2008	TOL	7.823066
2008	TPA	9.021859
2008	TRI	6.231553
2008	TUL	7.937181
2008	TUP	-3.800000
2008	TUS	5.320658
2008	TVC	10.877227
2008	TWF	0.434856
2008	TXK	6.030988
2008	TYR	5.242345
2008	TYS	9.338647
2008	VLD	10.808026
2008	VPS	9.457536
2008	WRG	8.255747
2008	WYS	-6.155894
2008	XNA	11.328251
2008	YAK	7.215797
2008	YKM	1.145401
2008	YUM	2.881217
